<?xml version='1.0' encoding='UTF-8'?>
<testsuite hostname="Gokce-Tuncay-2.local" name="com.funda.functional.FundaSearchResultPageSuite" tests="6" errors="0" failures="1" time="77.057">
                     <properties>
[...]
</properties>
                     <testcase classname="com.funda.functional.FundaSearchResultPageSuite" name="should make a search successfully" time="24.377">
                                                 
                                               </testcase><testcase classname="com.funda.functional.FundaSearchResultPageSuite" name="should navigate to the suggestions page when there is no result" time="23.394">
                                                 <failure message="The code passed to eventually never returned normally. Attempted 98 times over 15.090111634 seconds. Last failure message: &quot;https://www.funda.nl/&quot; did not include substring &quot;/zoeksuggestie/&quot;." type="org.scalatest.exceptions.TestFailedDueToTimeoutException">org.scalatest.exceptions.TestFailedDueToTimeoutException: The code passed to eventually never returned normally. Attempted 98 times over 15.090111634 seconds. Last failure message: &quot;https://www.funda.nl/&quot; did not include substring &quot;/zoeksuggestie/&quot;.
	at org.scalatest.concurrent.Eventually$class.tryTryAgain$1(Eventually.scala:421)
	at org.scalatest.concurrent.Eventually$class.eventually(Eventually.scala:439)
	at com.funda.functional.Pages$FundaNoResultSuggestionsPage.eventually(Pages.scala:44)
	at com.funda.functional.Pages$FundaNoResultSuggestionsPage.opened(Pages.scala:46)
	at com.funda.functional.FundaSearchResultPageSuite$$anonfun$2.apply(FundaSearchResultPageSuite.scala:28)
	at com.funda.functional.FundaSearchResultPageSuite$$anonfun$2.apply(FundaSearchResultPageSuite.scala:23)
	at org.scalatest.OutcomeOf$class.outcomeOf(OutcomeOf.scala:85)
	at org.scalatest.OutcomeOf$.outcomeOf(OutcomeOf.scala:104)
	at org.scalatest.Transformer.apply(Transformer.scala:22)
	at org.scalatest.Transformer.apply(Transformer.scala:20)
	at org.scalatest.FlatSpecLike$$anon$1.apply(FlatSpecLike.scala:1682)
	at org.scalatest.TestSuite$class.withFixture(TestSuite.scala:196)
	at org.scalatest.FlatSpec.withFixture(FlatSpec.scala:1685)
	at org.scalatest.FlatSpecLike$class.invokeWithFixture$1(FlatSpecLike.scala:1679)
	at org.scalatest.FlatSpecLike$$anonfun$runTest$1.apply(FlatSpecLike.scala:1692)
	at org.scalatest.FlatSpecLike$$anonfun$runTest$1.apply(FlatSpecLike.scala:1692)
	at org.scalatest.SuperEngine.runTestImpl(Engine.scala:289)
	at org.scalatest.FlatSpecLike$class.runTest(FlatSpecLike.scala:1692)
	at org.scalatest.FlatSpec.runTest(FlatSpec.scala:1685)
	at org.scalatest.FlatSpecLike$$anonfun$runTests$1.apply(FlatSpecLike.scala:1750)
	at org.scalatest.FlatSpecLike$$anonfun$runTests$1.apply(FlatSpecLike.scala:1750)
	at org.scalatest.SuperEngine$$anonfun$traverseSubNodes$1$1.apply(Engine.scala:396)
	at org.scalatest.SuperEngine$$anonfun$traverseSubNodes$1$1.apply(Engine.scala:384)
	at scala.collection.immutable.List.foreach(List.scala:381)
	at org.scalatest.SuperEngine.traverseSubNodes$1(Engine.scala:384)
	at org.scalatest.SuperEngine.org$scalatest$SuperEngine$$runTestsInBranch(Engine.scala:379)
	at org.scalatest.SuperEngine.runTestsImpl(Engine.scala:461)
	at org.scalatest.FlatSpecLike$class.runTests(FlatSpecLike.scala:1750)
	at org.scalatest.FlatSpec.runTests(FlatSpec.scala:1685)
	at org.scalatest.Suite$class.run(Suite.scala:1147)
	at org.scalatest.FlatSpec.org$scalatest$FlatSpecLike$$super$run(FlatSpec.scala:1685)
	at org.scalatest.FlatSpecLike$$anonfun$run$1.apply(FlatSpecLike.scala:1795)
	at org.scalatest.FlatSpecLike$$anonfun$run$1.apply(FlatSpecLike.scala:1795)
	at org.scalatest.SuperEngine.runImpl(Engine.scala:521)
	at org.scalatest.FlatSpecLike$class.run(FlatSpecLike.scala:1795)
	at org.scalatest.FlatSpec.run(FlatSpec.scala:1685)
	at org.scalatest.tools.Framework.org$scalatest$tools$Framework$$runSuite(Framework.scala:314)
	at org.scalatest.tools.Framework$ScalaTestTask.execute(Framework.scala:480)
	at sbt.TestRunner.runTest$1(TestFramework.scala:76)
	at sbt.TestRunner.run(TestFramework.scala:85)
	at sbt.TestFramework$$anon$2$$anonfun$$init$$1$$anonfun$apply$8.apply(TestFramework.scala:202)
	at sbt.TestFramework$$anon$2$$anonfun$$init$$1$$anonfun$apply$8.apply(TestFramework.scala:202)
	at sbt.TestFramework$.sbt$TestFramework$$withContextLoader(TestFramework.scala:185)
	at sbt.TestFramework$$anon$2$$anonfun$$init$$1.apply(TestFramework.scala:202)
	at sbt.TestFramework$$anon$2$$anonfun$$init$$1.apply(TestFramework.scala:202)
	at sbt.TestFunction.apply(TestFramework.scala:207)
	at sbt.Tests$$anonfun$9.apply(Tests.scala:216)
	at sbt.Tests$$anonfun$9.apply(Tests.scala:216)
	at sbt.std.Transform$$anon$3$$anonfun$apply$2.apply(System.scala:44)
	at sbt.std.Transform$$anon$3$$anonfun$apply$2.apply(System.scala:44)
	at sbt.std.Transform$$anon$4.work(System.scala:63)
	at sbt.Execute$$anonfun$submit$1$$anonfun$apply$1.apply(Execute.scala:226)
	at sbt.Execute$$anonfun$submit$1$$anonfun$apply$1.apply(Execute.scala:226)
	at sbt.ErrorHandling$.wideConvert(ErrorHandling.scala:17)
	at sbt.Execute.work(Execute.scala:235)
	at sbt.Execute$$anonfun$submit$1.apply(Execute.scala:226)
	at sbt.Execute$$anonfun$submit$1.apply(Execute.scala:226)
	at sbt.ConcurrentRestrictions$$anon$4$$anonfun$1.apply(ConcurrentRestrictions.scala:159)
	at sbt.CompletionService$$anon$2.call(CompletionService.scala:28)
	at java.util.concurrent.FutureTask.run(FutureTask.java:266)
	at java.util.concurrent.Executors$RunnableAdapter.call(Executors.java:511)
	at java.util.concurrent.FutureTask.run(FutureTask.java:266)
	at java.util.concurrent.ThreadPoolExecutor.runWorker(ThreadPoolExecutor.java:1142)
	at java.util.concurrent.ThreadPoolExecutor$Worker.run(ThreadPoolExecutor.java:617)
	at java.lang.Thread.run(Thread.java:745)
Caused by: org.scalatest.exceptions.TestFailedException: &quot;https://www.funda.nl/&quot; did not include substring &quot;/zoeksuggestie/&quot;
	at org.scalatest.MatchersHelper$.indicateFailure(MatchersHelper.scala:340)
	at org.scalatest.Matchers$ShouldMethodHelper$.shouldMatcher(Matchers.scala:6668)
	at org.scalatest.Matchers$AnyShouldWrapper.should(Matchers.scala:6704)
	at com.funda.functional.Pages$FundaNoResultSuggestionsPage$$anonfun$opened$3.apply(Pages.scala:46)
	at com.funda.functional.Pages$FundaNoResultSuggestionsPage$$anonfun$opened$3.apply(Pages.scala:46)
	at org.scalatest.concurrent.Eventually$class.makeAValiantAttempt$1(Eventually.scala:395)
	at org.scalatest.concurrent.Eventually$class.tryTryAgain$1(Eventually.scala:409)
	... 64 more
</failure>
                                               </testcase><testcase classname="com.funda.functional.FundaSearchResultPageSuite" name="should make a new search over a previous search" time="18.98">
                                                 
                                               </testcase><testcase classname="com.funda.functional.FundaSearchResultPageSuite" name="should filter the results accordingly when doing a search" time="10.306">
                                                 
                                               </testcase><testcase classname="com.funda.functional.FundaSearchResultPageSuite" name="should bring zero results with a warning message when From parameter is given higher than the Until parameter" time="0.0">
                                                 
                                               </testcase><testcase classname="com.funda.functional.FundaSearchResultPageSuite" name="should navigate you to the previous search when there is a successful search" time="0.0">
                                                 
                                               </testcase>
                     <system-out></system-out>
                     <system-err></system-err>
                   </testsuite>